[24 Nov 2018 16:59:58] Building database metadata model
[24 Nov 2018 16:59:58] Properties: {partialRefresh=false, processColumnsUsingSelect=, includePrimaryKeys=true, eventSocketClient=com.webratio.commons.net.EventSocketClient@fc4048c, includeTables=true, username=seamobility, outputLogPath=/home/sara/Documents/Projects/Orazio/GhanaMobility/.Temp~/DB.xml.log, readIndexes=null, driverClass=com.mysql.jdbc.Driver, includeSynonyms=true, metaDataProviderClass=com.webratio.commons.db.metadata.MySQLMetaDataProvider, outputPath=/home/sara/Documents/Projects/Orazio/GhanaMobility/.Temp~/DB.xml, schemaRegex=null, readProcedures=null, includeViews=true, derby.system.home=/home/sara/Documents/Projects/Orazio/.metadata/.plugins/com.webratio.commons.db/derby, url=jdbc:mysql://localhost/SEAMobility, tableRegex=null, readSQLDefinitions=true, includeForeignKeys=false, retrieveAllNames=false, tablesToRefresh=, eventSocketPort=37761}
[24 Nov 2018 16:59:58] URL: jdbc:mysql://localhost/SEAMobility
[24 Nov 2018 16:59:58] Product name: MySQL
[24 Nov 2018 16:59:58] Product version: 5.5.5-10.1.33-MariaDB
[24 Nov 2018 16:59:58] Driver name: MySQL Connector Java
[24 Nov 2018 16:59:58] Driver version: mysql-connector-java-5.1.31 ( Revision: alexander.soklakov@oracle.com-20140520065950-groqzzbvxprqdmnz )
[24 Nov 2018 16:59:58] Driver major version: 5
[24 Nov 2018 16:59:58] Driver minor version: 1
[24 Nov 2018 16:59:58] Identifier quote string: 1
[24 Nov 2018 16:59:58] Retrieving schemas
[24 Nov 2018 16:59:58] Retrieving [TABLE, VIEW, SYNONYM] for schema ''
[24 Nov 2018 16:59:59]   Found 'cliente' [type = TABLE]
[24 Nov 2018 16:59:59]   Found 'coordinate_di_pagamento' [type = TABLE]
[24 Nov 2018 16:59:59]   Found 'famiglia' [type = TABLE]
[24 Nov 2018 16:59:59]   Found 'fermata' [type = TABLE]
[24 Nov 2018 16:59:59]   Found 'group' [type = TABLE]
[24 Nov 2018 16:59:59]   Found 'group_module' [type = TABLE]
[24 Nov 2018 16:59:59]   Found 'intervallo_orario_parcheggio' [type = TABLE]
[24 Nov 2018 16:59:59]   Found 'intervallo_orario_ztl' [type = TABLE]
[24 Nov 2018 16:59:59]   Found 'linea' [type = TABLE]
[24 Nov 2018 16:59:59]   Found 'localita' [type = TABLE]
[24 Nov 2018 16:59:59]   Found 'mezzo' [type = TABLE]
[24 Nov 2018 16:59:59]   Found 'module' [type = TABLE]
[24 Nov 2018 16:59:59]   Found 'notizia' [type = TABLE]
[24 Nov 2018 16:59:59]   Found 'notizia_redattore' [type = TABLE]
[24 Nov 2018 16:59:59]   Found 'orario' [type = TABLE]
[24 Nov 2018 16:59:59]   Found 'parcheggio' [type = TABLE]
[24 Nov 2018 16:59:59]   Found 'promozione' [type = TABLE]
[24 Nov 2018 16:59:59]   Found 'redattore' [type = TABLE]
[24 Nov 2018 16:59:59]   Found 'scadenza' [type = TABLE]
[24 Nov 2018 16:59:59]   Found 'servizio_di_mobilita' [type = TABLE]
[24 Nov 2018 16:59:59]   Found 'stazione_biciclette' [type = TABLE]
[24 Nov 2018 16:59:59]   Found 'tipologia_di_titolo' [type = TABLE]
[24 Nov 2018 16:59:59]   Found 'titolo_acquistato' [type = TABLE]
[24 Nov 2018 16:59:59]   Found 'titolo_di_viaggio' [type = TABLE]
[24 Nov 2018 16:59:59]   Found 'user' [type = TABLE]
[24 Nov 2018 16:59:59]   Found 'user_group' [type = TABLE]
[24 Nov 2018 16:59:59]   Found 'zona' [type = TABLE]
[24 Nov 2018 16:59:59]   Found 'ztl' [type = TABLE]
[24 Nov 2018 16:59:59]   Found 'notizia_in_evidenza_view' [type = VIEW]
[24 Nov 2018 16:59:59]   Found 'studente_view' [type = VIEW]
[24 Nov 2018 16:59:59] Retrieving columns for 'cliente' [type = TABLE]
[24 Nov 2018 16:59:59]   Found column: user_oid [type = INT][SQL/XOPEN type = 4][size = 10][dec. digits = 0]
[24 Nov 2018 16:59:59]   Found column: cf [type = VARCHAR][SQL/XOPEN type = 12][size = 255][dec. digits = 0]
[24 Nov 2018 16:59:59]   Found column: clientespeciale [type = VARCHAR][SQL/XOPEN type = 12][size = 255][dec. digits = 0]
[24 Nov 2018 16:59:59] Retrieving primary keys for 'cliente' [type = TABLE]
[24 Nov 2018 16:59:59]   Found primary key column: user_oid
[24 Nov 2018 16:59:59] Retrieving columns for 'coordinate_di_pagamento' [type = TABLE]
[24 Nov 2018 16:59:59]   Found column: oid [type = INT][SQL/XOPEN type = 4][size = 10][dec. digits = 0]
[24 Nov 2018 16:59:59]   Found column: numerocarta [type = VARCHAR][SQL/XOPEN type = 12][size = 255][dec. digits = 0]
[24 Nov 2018 16:59:59]   Found column: cvv [type = VARCHAR][SQL/XOPEN type = 12][size = 255][dec. digits = 0]
[24 Nov 2018 16:59:59]   Found column: cliente_oid [type = INT][SQL/XOPEN type = 4][size = 10][dec. digits = 0]
[24 Nov 2018 16:59:59] Retrieving primary keys for 'coordinate_di_pagamento' [type = TABLE]
[24 Nov 2018 16:59:59]   Found primary key column: oid
[24 Nov 2018 16:59:59] Retrieving columns for 'famiglia' [type = TABLE]
[24 Nov 2018 16:59:59]   Found column: cliente_oid [type = INT][SQL/XOPEN type = 4][size = 10][dec. digits = 0]
[24 Nov 2018 16:59:59]   Found column: oid [type = INT][SQL/XOPEN type = 4][size = 10][dec. digits = 0]
[24 Nov 2018 16:59:59]   Found column: numerocomponenti [type = INT][SQL/XOPEN type = 4][size = 10][dec. digits = 0]
[24 Nov 2018 16:59:59] Retrieving primary keys for 'famiglia' [type = TABLE]
[24 Nov 2018 16:59:59]   Found primary key column: cliente_oid
[24 Nov 2018 16:59:59] Retrieving columns for 'fermata' [type = TABLE]
[24 Nov 2018 16:59:59]   Found column: oid [type = INT][SQL/XOPEN type = 4][size = 10][dec. digits = 0]
[24 Nov 2018 16:59:59]   Found column: nome [type = VARCHAR][SQL/XOPEN type = 12][size = 255][dec. digits = 0]
[24 Nov 2018 16:59:59]   Found column: indirizzo [type = VARCHAR][SQL/XOPEN type = 12][size = 255][dec. digits = 0]
[24 Nov 2018 16:59:59]   Found column: linea_oid [type = INT][SQL/XOPEN type = 4][size = 10][dec. digits = 0]
[24 Nov 2018 16:59:59]   Found column: zona_oid [type = INT][SQL/XOPEN type = 4][size = 10][dec. digits = 0]
[24 Nov 2018 16:59:59] Retrieving primary keys for 'fermata' [type = TABLE]
[24 Nov 2018 16:59:59]   Found primary key column: oid
[24 Nov 2018 16:59:59] Retrieving columns for 'group' [type = TABLE]
[24 Nov 2018 16:59:59]   Found column: oid [type = INT][SQL/XOPEN type = 4][size = 10][dec. digits = 0]
[24 Nov 2018 16:59:59]   Found column: groupname [type = VARCHAR][SQL/XOPEN type = 12][size = 255][dec. digits = 0]
[24 Nov 2018 16:59:59]   Found column: module_oid [type = INT][SQL/XOPEN type = 4][size = 10][dec. digits = 0]
[24 Nov 2018 16:59:59] Retrieving primary keys for 'group' [type = TABLE]
[24 Nov 2018 16:59:59]   Found primary key column: oid
[24 Nov 2018 16:59:59] Retrieving columns for 'group_module' [type = TABLE]
[24 Nov 2018 16:59:59]   Found column: group_oid [type = INT][SQL/XOPEN type = 4][size = 10][dec. digits = 0]
[24 Nov 2018 16:59:59]   Found column: module_oid [type = INT][SQL/XOPEN type = 4][size = 10][dec. digits = 0]
[24 Nov 2018 16:59:59] Retrieving primary keys for 'group_module' [type = TABLE]
[24 Nov 2018 16:59:59]   Found primary key column: group_oid
[24 Nov 2018 16:59:59]   Found primary key column: module_oid
[24 Nov 2018 16:59:59] Retrieving columns for 'intervallo_orario_parcheggio' [type = TABLE]
[24 Nov 2018 16:59:59]   Found column: oid [type = INT][SQL/XOPEN type = 4][size = 10][dec. digits = 0]
[24 Nov 2018 16:59:59]   Found column: inizio [type = VARCHAR][SQL/XOPEN type = 12][size = 255][dec. digits = 0]
[24 Nov 2018 16:59:59]   Found column: fine [type = VARCHAR][SQL/XOPEN type = 12][size = 255][dec. digits = 0]
[24 Nov 2018 16:59:59]   Found column: tariffaoraria [type = DOUBLE][SQL/XOPEN type = 8][size = 22][dec. digits = 0]
[24 Nov 2018 16:59:59]   Found column: festivo [type = BIT][SQL/XOPEN type = -7][size = 1][dec. digits = 0]
[24 Nov 2018 16:59:59]   Found column: parcheggio_oid [type = INT][SQL/XOPEN type = 4][size = 10][dec. digits = 0]
[24 Nov 2018 16:59:59] Retrieving primary keys for 'intervallo_orario_parcheggio' [type = TABLE]
[24 Nov 2018 16:59:59]   Found primary key column: oid
[24 Nov 2018 16:59:59] Retrieving columns for 'intervallo_orario_ztl' [type = TABLE]
[24 Nov 2018 16:59:59]   Found column: oid [type = INT][SQL/XOPEN type = 4][size = 10][dec. digits = 0]
[24 Nov 2018 16:59:59]   Found column: inizio [type = VARCHAR][SQL/XOPEN type = 12][size = 255][dec. digits = 0]
[24 Nov 2018 16:59:59]   Found column: fine [type = VARCHAR][SQL/XOPEN type = 12][size = 255][dec. digits = 0]
[24 Nov 2018 16:59:59]   Found column: ztl_oid [type = INT][SQL/XOPEN type = 4][size = 10][dec. digits = 0]
[24 Nov 2018 16:59:59] Retrieving primary keys for 'intervallo_orario_ztl' [type = TABLE]
[24 Nov 2018 16:59:59]   Found primary key column: oid
[24 Nov 2018 16:59:59] Retrieving columns for 'linea' [type = TABLE]
[24 Nov 2018 16:59:59]   Found column: oid [type = INT][SQL/XOPEN type = 4][size = 10][dec. digits = 0]
[24 Nov 2018 16:59:59]   Found column: nome [type = VARCHAR][SQL/XOPEN type = 12][size = 255][dec. digits = 0]
[24 Nov 2018 16:59:59]   Found column: destinazione [type = VARCHAR][SQL/XOPEN type = 12][size = 255][dec. digits = 0]
[24 Nov 2018 16:59:59]   Found column: mezzo_oid [type = INT][SQL/XOPEN type = 4][size = 10][dec. digits = 0]
[24 Nov 2018 16:59:59] Retrieving primary keys for 'linea' [type = TABLE]
[24 Nov 2018 16:59:59]   Found primary key column: oid
[24 Nov 2018 16:59:59] Retrieving columns for 'localita' [type = TABLE]
[24 Nov 2018 16:59:59]   Found column: oid [type = INT][SQL/XOPEN type = 4][size = 10][dec. digits = 0]
[24 Nov 2018 16:59:59]   Found column: nome [type = VARCHAR][SQL/XOPEN type = 12][size = 255][dec. digits = 0]
[24 Nov 2018 16:59:59] Retrieving primary keys for 'localita' [type = TABLE]
[24 Nov 2018 16:59:59]   Found primary key column: oid
[24 Nov 2018 16:59:59] Retrieving columns for 'mezzo' [type = TABLE]
[24 Nov 2018 16:59:59]   Found column: oid [type = INT][SQL/XOPEN type = 4][size = 10][dec. digits = 0]
[24 Nov 2018 16:59:59]   Found column: nome [type = VARCHAR][SQL/XOPEN type = 12][size = 255][dec. digits = 0]
[24 Nov 2018 16:59:59] Retrieving primary keys for 'mezzo' [type = TABLE]
[24 Nov 2018 16:59:59]   Found primary key column: oid
[24 Nov 2018 16:59:59] Retrieving columns for 'module' [type = TABLE]
[24 Nov 2018 16:59:59]   Found column: oid [type = INT][SQL/XOPEN type = 4][size = 10][dec. digits = 0]
[24 Nov 2018 16:59:59]   Found column: moduleid [type = VARCHAR][SQL/XOPEN type = 12][size = 255][dec. digits = 0]
[24 Nov 2018 16:59:59]   Found column: modulename [type = VARCHAR][SQL/XOPEN type = 12][size = 255][dec. digits = 0]
[24 Nov 2018 16:59:59] Retrieving primary keys for 'module' [type = TABLE]
[24 Nov 2018 16:59:59]   Found primary key column: oid
[24 Nov 2018 16:59:59] Retrieving columns for 'notizia' [type = TABLE]
[24 Nov 2018 16:59:59]   Found column: oid [type = INT][SQL/XOPEN type = 4][size = 10][dec. digits = 0]
[24 Nov 2018 16:59:59]   Found column: titolo [type = VARCHAR][SQL/XOPEN type = 12][size = 255][dec. digits = 0]
[24 Nov 2018 16:59:59]   Found column: contenuto [type = VARCHAR][SQL/XOPEN type = 12][size = 255][dec. digits = 0]
[24 Nov 2018 16:59:59]   Found column: datapubblicazione [type = DATE][SQL/XOPEN type = 91][size = 10][dec. digits = 0]
[24 Nov 2018 16:59:59]   Found column: inevidenza [type = BIT][SQL/XOPEN type = -7][size = 1][dec. digits = 0]
[24 Nov 2018 16:59:59] Retrieving primary keys for 'notizia' [type = TABLE]
[24 Nov 2018 16:59:59]   Found primary key column: oid
[24 Nov 2018 16:59:59] Retrieving columns for 'notizia_redattore' [type = TABLE]
[24 Nov 2018 16:59:59]   Found column: notizia_oid [type = INT][SQL/XOPEN type = 4][size = 10][dec. digits = 0]
[24 Nov 2018 16:59:59]   Found column: redattore_oid [type = INT][SQL/XOPEN type = 4][size = 10][dec. digits = 0]
[24 Nov 2018 16:59:59] Retrieving primary keys for 'notizia_redattore' [type = TABLE]
[24 Nov 2018 16:59:59]   Found primary key column: notizia_oid
[24 Nov 2018 16:59:59]   Found primary key column: redattore_oid
[24 Nov 2018 16:59:59] Retrieving columns for 'orario' [type = TABLE]
[24 Nov 2018 16:59:59]   Found column: oid [type = INT][SQL/XOPEN type = 4][size = 10][dec. digits = 0]
[24 Nov 2018 16:59:59]   Found column: stagione [type = VARCHAR][SQL/XOPEN type = 12][size = 255][dec. digits = 0]
[24 Nov 2018 16:59:59]   Found column: festivita [type = BIT][SQL/XOPEN type = -7][size = 1][dec. digits = 0]
[24 Nov 2018 16:59:59]   Found column: orario [type = VARCHAR][SQL/XOPEN type = 12][size = 255][dec. digits = 0]
[24 Nov 2018 16:59:59]   Found column: fermata_oid [type = INT][SQL/XOPEN type = 4][size = 10][dec. digits = 0]
[24 Nov 2018 16:59:59] Retrieving primary keys for 'orario' [type = TABLE]
[24 Nov 2018 16:59:59]   Found primary key column: oid
[24 Nov 2018 16:59:59] Retrieving columns for 'parcheggio' [type = TABLE]
[24 Nov 2018 16:59:59]   Found column: servizio_di_mobilita_oid [type = INT][SQL/XOPEN type = 4][size = 10][dec. digits = 0]
[24 Nov 2018 16:59:59]   Found column: postitotali [type = INT][SQL/XOPEN type = 4][size = 10][dec. digits = 0]
[24 Nov 2018 16:59:59]   Found column: postidisponibili [type = INT][SQL/XOPEN type = 4][size = 10][dec. digits = 0]
[24 Nov 2018 16:59:59] Retrieving primary keys for 'parcheggio' [type = TABLE]
[24 Nov 2018 16:59:59]   Found primary key column: servizio_di_mobilita_oid
[24 Nov 2018 16:59:59] Retrieving columns for 'promozione' [type = TABLE]
[24 Nov 2018 16:59:59]   Found column: notizia_oid [type = INT][SQL/XOPEN type = 4][size = 10][dec. digits = 0]
[24 Nov 2018 16:59:59]   Found column: datainizio [type = DATETIME][SQL/XOPEN type = 93][size = 19][dec. digits = 0]
[24 Nov 2018 16:59:59]   Found column: datafine [type = DATETIME][SQL/XOPEN type = 93][size = 19][dec. digits = 0]
[24 Nov 2018 16:59:59]   Found column: attivo [type = BIT][SQL/XOPEN type = -7][size = 1][dec. digits = 0]
[24 Nov 2018 16:59:59]   Found column: sconto [type = DOUBLE][SQL/XOPEN type = 8][size = 22][dec. digits = 0]
[24 Nov 2018 16:59:59] Retrieving primary keys for 'promozione' [type = TABLE]
[24 Nov 2018 16:59:59]   Found primary key column: notizia_oid
[24 Nov 2018 16:59:59] Retrieving columns for 'redattore' [type = TABLE]
[24 Nov 2018 16:59:59]   Found column: user_oid [type = INT][SQL/XOPEN type = 4][size = 10][dec. digits = 0]
[24 Nov 2018 16:59:59] Retrieving primary keys for 'redattore' [type = TABLE]
[24 Nov 2018 16:59:59]   Found primary key column: user_oid
[24 Nov 2018 16:59:59] Retrieving columns for 'scadenza' [type = TABLE]
[24 Nov 2018 16:59:59]   Found column: oid [type = INT][SQL/XOPEN type = 4][size = 10][dec. digits = 0]
[24 Nov 2018 16:59:59]   Found column: mese [type = INT][SQL/XOPEN type = 4][size = 10][dec. digits = 0]
[24 Nov 2018 16:59:59]   Found column: anno [type = INT][SQL/XOPEN type = 4][size = 10][dec. digits = 0]
[24 Nov 2018 16:59:59]   Found column: coordinate_di_pagamento_oid [type = INT][SQL/XOPEN type = 4][size = 10][dec. digits = 0]
[24 Nov 2018 16:59:59] Retrieving primary keys for 'scadenza' [type = TABLE]
[24 Nov 2018 16:59:59]   Found primary key column: oid
[24 Nov 2018 16:59:59] Retrieving columns for 'servizio_di_mobilita' [type = TABLE]
[24 Nov 2018 16:59:59]   Found column: oid [type = INT][SQL/XOPEN type = 4][size = 10][dec. digits = 0]
[24 Nov 2018 16:59:59]   Found column: indirizzo [type = VARCHAR][SQL/XOPEN type = 12][size = 255][dec. digits = 0]
[24 Nov 2018 16:59:59]   Found column: nome [type = VARCHAR][SQL/XOPEN type = 12][size = 255][dec. digits = 0]
[24 Nov 2018 16:59:59]   Found column: localita_oid [type = INT][SQL/XOPEN type = 4][size = 10][dec. digits = 0]
[24 Nov 2018 16:59:59] Retrieving primary keys for 'servizio_di_mobilita' [type = TABLE]
[24 Nov 2018 16:59:59]   Found primary key column: oid
[24 Nov 2018 16:59:59] Retrieving columns for 'stazione_biciclette' [type = TABLE]
[24 Nov 2018 16:59:59]   Found column: servizio_di_mobilita_oid [type = INT][SQL/XOPEN type = 4][size = 10][dec. digits = 0]
[24 Nov 2018 16:59:59]   Found column: biciclettetotali [type = INT][SQL/XOPEN type = 4][size = 10][dec. digits = 0]
[24 Nov 2018 16:59:59]   Found column: biciclettedisponibili [type = INT][SQL/XOPEN type = 4][size = 10][dec. digits = 0]
[24 Nov 2018 16:59:59] Retrieving primary keys for 'stazione_biciclette' [type = TABLE]
[24 Nov 2018 16:59:59]   Found primary key column: servizio_di_mobilita_oid
[24 Nov 2018 16:59:59] Retrieving columns for 'tipologia_di_titolo' [type = TABLE]
[24 Nov 2018 16:59:59]   Found column: oid [type = INT][SQL/XOPEN type = 4][size = 10][dec. digits = 0]
[24 Nov 2018 16:59:59]   Found column: tipo [type = VARCHAR][SQL/XOPEN type = 12][size = 255][dec. digits = 0]
[24 Nov 2018 16:59:59]   Found column: zona_oid [type = INT][SQL/XOPEN type = 4][size = 10][dec. digits = 0]
[24 Nov 2018 16:59:59] Retrieving primary keys for 'tipologia_di_titolo' [type = TABLE]
[24 Nov 2018 16:59:59]   Found primary key column: oid
[24 Nov 2018 16:59:59] Retrieving columns for 'titolo_acquistato' [type = TABLE]
[24 Nov 2018 16:59:59]   Found column: oid [type = INT][SQL/XOPEN type = 4][size = 10][dec. digits = 0]
[24 Nov 2018 16:59:59]   Found column: iniziovalidita [type = DATETIME][SQL/XOPEN type = 93][size = 19][dec. digits = 0]
[24 Nov 2018 16:59:59]   Found column: finevalidita [type = DATETIME][SQL/XOPEN type = 93][size = 19][dec. digits = 0]
[24 Nov 2018 16:59:59]   Found column: tariffa [type = DOUBLE][SQL/XOPEN type = 8][size = 22][dec. digits = 0]
[24 Nov 2018 16:59:59]   Found column: cliente_oid [type = INT][SQL/XOPEN type = 4][size = 10][dec. digits = 0]
[24 Nov 2018 16:59:59]   Found column: titolo_di_viaggio_oid [type = INT][SQL/XOPEN type = 4][size = 10][dec. digits = 0]
[24 Nov 2018 16:59:59] Retrieving primary keys for 'titolo_acquistato' [type = TABLE]
[24 Nov 2018 16:59:59]   Found primary key column: oid
[24 Nov 2018 16:59:59] Retrieving columns for 'titolo_di_viaggio' [type = TABLE]
[24 Nov 2018 16:59:59]   Found column: oid [type = INT][SQL/XOPEN type = 4][size = 10][dec. digits = 0]
[24 Nov 2018 16:59:59]   Found column: nome [type = VARCHAR][SQL/XOPEN type = 12][size = 255][dec. digits = 0]
[24 Nov 2018 16:59:59]   Found column: tariffabase [type = DOUBLE][SQL/XOPEN type = 8][size = 22][dec. digits = 0]
[24 Nov 2018 16:59:59]   Found column: promozione_oid [type = INT][SQL/XOPEN type = 4][size = 10][dec. digits = 0]
[24 Nov 2018 16:59:59]   Found column: tipologia_di_titolo_oid [type = INT][SQL/XOPEN type = 4][size = 10][dec. digits = 0]
[24 Nov 2018 16:59:59] Retrieving primary keys for 'titolo_di_viaggio' [type = TABLE]
[24 Nov 2018 16:59:59]   Found primary key column: oid
[24 Nov 2018 16:59:59] Retrieving columns for 'user' [type = TABLE]
[24 Nov 2018 16:59:59]   Found column: oid [type = INT][SQL/XOPEN type = 4][size = 10][dec. digits = 0]
[24 Nov 2018 16:59:59]   Found column: username [type = VARCHAR][SQL/XOPEN type = 12][size = 255][dec. digits = 0]
[24 Nov 2018 16:59:59]   Found column: password [type = VARCHAR][SQL/XOPEN type = 12][size = 255][dec. digits = 0]
[24 Nov 2018 16:59:59]   Found column: email [type = VARCHAR][SQL/XOPEN type = 12][size = 255][dec. digits = 0]
[24 Nov 2018 16:59:59]   Found column: nome [type = VARCHAR][SQL/XOPEN type = 12][size = 255][dec. digits = 0]
[24 Nov 2018 16:59:59]   Found column: cognome [type = VARCHAR][SQL/XOPEN type = 12][size = 255][dec. digits = 0]
[24 Nov 2018 16:59:59]   Found column: group_oid [type = INT][SQL/XOPEN type = 4][size = 10][dec. digits = 0]
[24 Nov 2018 16:59:59] Retrieving primary keys for 'user' [type = TABLE]
[24 Nov 2018 16:59:59]   Found primary key column: oid
[24 Nov 2018 16:59:59] Retrieving columns for 'user_group' [type = TABLE]
[24 Nov 2018 16:59:59]   Found column: user_oid [type = INT][SQL/XOPEN type = 4][size = 10][dec. digits = 0]
[24 Nov 2018 16:59:59]   Found column: group_oid [type = INT][SQL/XOPEN type = 4][size = 10][dec. digits = 0]
[24 Nov 2018 16:59:59] Retrieving primary keys for 'user_group' [type = TABLE]
[24 Nov 2018 16:59:59]   Found primary key column: user_oid
[24 Nov 2018 16:59:59]   Found primary key column: group_oid
[24 Nov 2018 16:59:59] Retrieving columns for 'zona' [type = TABLE]
[24 Nov 2018 16:59:59]   Found column: oid [type = INT][SQL/XOPEN type = 4][size = 10][dec. digits = 0]
[24 Nov 2018 16:59:59]   Found column: nome [type = VARCHAR][SQL/XOPEN type = 12][size = 255][dec. digits = 0]
[24 Nov 2018 16:59:59] Retrieving primary keys for 'zona' [type = TABLE]
[24 Nov 2018 16:59:59]   Found primary key column: oid
[24 Nov 2018 16:59:59] Retrieving columns for 'ztl' [type = TABLE]
[24 Nov 2018 16:59:59]   Found column: servizio_di_mobilita_oid [type = INT][SQL/XOPEN type = 4][size = 10][dec. digits = 0]
[24 Nov 2018 16:59:59] Retrieving primary keys for 'ztl' [type = TABLE]
[24 Nov 2018 16:59:59]   Found primary key column: servizio_di_mobilita_oid
[24 Nov 2018 16:59:59] Retrieving columns for 'notizia_in_evidenza_view' [type = VIEW]
[24 Nov 2018 16:59:59]   Found column: oid [type = INT][SQL/XOPEN type = 4][size = 10][dec. digits = 0]
[24 Nov 2018 16:59:59] Retrieving primary keys for 'notizia_in_evidenza_view' [type = VIEW]
[24 Nov 2018 17:00:00] Retrieving columns for 'studente_view' [type = VIEW]
[24 Nov 2018 17:00:00]   Found column: user_oid [type = INT][SQL/XOPEN type = 4][size = 10][dec. digits = 0]
[24 Nov 2018 17:00:00] Retrieving primary keys for 'studente_view' [type = VIEW]
[24 Nov 2018 17:00:00] Database metadata retrieved (1192 ms)
[24 Nov 2018 17:00:00] Retrieving auto-increment columns for 'cliente' [type = TABLE]
[24 Nov 2018 17:00:00] Retrieving auto-increment columns for 'coordinate_di_pagamento' [type = TABLE]
[24 Nov 2018 17:00:00] Retrieving auto-increment columns for 'famiglia' [type = TABLE]
[24 Nov 2018 17:00:00] Retrieving auto-increment columns for 'fermata' [type = TABLE]
[24 Nov 2018 17:00:00] Retrieving auto-increment columns for 'group' [type = TABLE]
[24 Nov 2018 17:00:00] Retrieving auto-increment columns for 'group_module' [type = TABLE]
[24 Nov 2018 17:00:00] Retrieving auto-increment columns for 'intervallo_orario_parcheggio' [type = TABLE]
[24 Nov 2018 17:00:00] Retrieving auto-increment columns for 'intervallo_orario_ztl' [type = TABLE]
[24 Nov 2018 17:00:00] Retrieving auto-increment columns for 'linea' [type = TABLE]
[24 Nov 2018 17:00:00] Retrieving auto-increment columns for 'localita' [type = TABLE]
[24 Nov 2018 17:00:00] Retrieving auto-increment columns for 'mezzo' [type = TABLE]
[24 Nov 2018 17:00:00] Retrieving auto-increment columns for 'module' [type = TABLE]
[24 Nov 2018 17:00:00] Retrieving auto-increment columns for 'notizia' [type = TABLE]
[24 Nov 2018 17:00:00] Retrieving auto-increment columns for 'notizia_redattore' [type = TABLE]
[24 Nov 2018 17:00:00] Retrieving auto-increment columns for 'orario' [type = TABLE]
[24 Nov 2018 17:00:00] Retrieving auto-increment columns for 'parcheggio' [type = TABLE]
[24 Nov 2018 17:00:00] Retrieving auto-increment columns for 'promozione' [type = TABLE]
[24 Nov 2018 17:00:00] Retrieving auto-increment columns for 'redattore' [type = TABLE]
[24 Nov 2018 17:00:00] Retrieving auto-increment columns for 'scadenza' [type = TABLE]
[24 Nov 2018 17:00:00] Retrieving auto-increment columns for 'servizio_di_mobilita' [type = TABLE]
[24 Nov 2018 17:00:00] Retrieving auto-increment columns for 'stazione_biciclette' [type = TABLE]
[24 Nov 2018 17:00:00] Retrieving auto-increment columns for 'tipologia_di_titolo' [type = TABLE]
[24 Nov 2018 17:00:00] Retrieving auto-increment columns for 'titolo_acquistato' [type = TABLE]
[24 Nov 2018 17:00:00] Retrieving auto-increment columns for 'titolo_di_viaggio' [type = TABLE]
[24 Nov 2018 17:00:00] Retrieving auto-increment columns for 'user' [type = TABLE]
[24 Nov 2018 17:00:00] Retrieving auto-increment columns for 'user_group' [type = TABLE]
[24 Nov 2018 17:00:00] Retrieving auto-increment columns for 'zona' [type = TABLE]
[24 Nov 2018 17:00:00] Retrieving auto-increment columns for 'ztl' [type = TABLE]
[24 Nov 2018 17:00:00] Retrieving auto-increment columns for 'notizia_in_evidenza_view' [type = VIEW]
[24 Nov 2018 17:00:00] Retrieving auto-increment columns for 'studente_view' [type = VIEW]
[24 Nov 2018 17:00:00] Database connection closed
